[2024-02-11 22:59:16,300] INFO Kafka Connect stopping (org.apache.kafka.connect.runtime.Connect:67)
[2024-02-11 22:59:16,301] INFO Stopping REST server (org.apache.kafka.connect.runtime.rest.RestServer:348)
[2024-02-11 22:59:16,305] INFO Stopped http_8083@67f77f6e{HTTP/1.1, (http/1.1)}{0.0.0.0:8083} (org.eclipse.jetty.server.AbstractConnector:383)
[2024-02-11 22:59:16,305] INFO node0 Stopped scavenging (org.eclipse.jetty.server.session:149)
[2024-02-11 22:59:16,306] INFO REST server stopped (org.apache.kafka.connect.runtime.rest.RestServer:365)
[2024-02-11 22:59:16,306] INFO Herder stopping (org.apache.kafka.connect.runtime.standalone.StandaloneHerder:111)
[2024-02-11 22:59:16,307] INFO [local-file-source|task-0] Stopping task local-file-source-0 (org.apache.kafka.connect.runtime.Worker:1008)
[2024-02-11 22:59:16,669] INFO [local-file-sink|task-0] [Consumer clientId=connector-consumer-local-file-sink-0, groupId=connect-local-file-sink] Node 0 disconnected. (org.apache.kafka.clients.NetworkClient:977)
[2024-02-11 22:59:16,669] INFO [local-file-source|task-0] [Producer clientId=connector-producer-local-file-source-0] Node 0 disconnected. (org.apache.kafka.clients.NetworkClient:977)
[2024-02-11 22:59:16,669] INFO [local-file-sink|task-0] [Consumer clientId=connector-consumer-local-file-sink-0, groupId=connect-local-file-sink] Cancelled in-flight FETCH request with correlation id 40465 due to node 0 being disconnected (elapsed time since creation: 355ms, elapsed time since send: 355ms, request timeout: 30000ms) (org.apache.kafka.clients.NetworkClient:344)
[2024-02-11 22:59:16,670] INFO [local-file-sink|task-0] [Consumer clientId=connector-consumer-local-file-sink-0, groupId=connect-local-file-sink] Node 2147483647 disconnected. (org.apache.kafka.clients.NetworkClient:977)
[2024-02-11 22:59:16,670] INFO [local-file-sink|task-0] [Consumer clientId=connector-consumer-local-file-sink-0, groupId=connect-local-file-sink] Error sending fetch request (sessionId=1631715949, epoch=34596) to node 0: (org.apache.kafka.clients.FetchSessionHandler:615)
org.apache.kafka.common.errors.DisconnectException
[2024-02-11 22:59:16,671] INFO [local-file-sink|task-0] [Consumer clientId=connector-consumer-local-file-sink-0, groupId=connect-local-file-sink] Group coordinator nicks-mbp:9092 (id: 2147483647 rack: null) is unavailable or invalid due to cause: coordinator unavailable. isDisconnected: true. Rediscovery will be attempted. (org.apache.kafka.clients.consumer.internals.ConsumerCoordinator:969)
[2024-02-11 22:59:16,724] INFO [local-file-source|task-0] [Producer clientId=connector-producer-local-file-source-0] Node 0 disconnected. (org.apache.kafka.clients.NetworkClient:977)
[2024-02-11 22:59:16,724] WARN [local-file-source|task-0] [Producer clientId=connector-producer-local-file-source-0] Connection to node 0 (nicks-mbp/192.168.1.4:9092) could not be established. Broker may not be available. (org.apache.kafka.clients.NetworkClient:814)
[2024-02-11 22:59:16,749] INFO [local-file-source|task-0] [Producer clientId=connector-producer-local-file-source-0] Closing the Kafka producer with timeoutMillis = 30000 ms. (org.apache.kafka.clients.producer.KafkaProducer:1295)
[2024-02-11 22:59:16,750] INFO [local-file-source|task-0] Metrics scheduler closed (org.apache.kafka.common.metrics.Metrics:693)
[2024-02-11 22:59:16,751] INFO [local-file-source|task-0] Closing reporter org.apache.kafka.common.metrics.JmxReporter (org.apache.kafka.common.metrics.Metrics:697)
[2024-02-11 22:59:16,751] INFO [local-file-source|task-0] Metrics reporters closed (org.apache.kafka.common.metrics.Metrics:703)
[2024-02-11 22:59:16,751] INFO [local-file-source|task-0] App info kafka.producer for connector-producer-local-file-source-0 unregistered (org.apache.kafka.common.utils.AppInfoParser:83)
[2024-02-11 22:59:16,755] INFO [local-file-source|worker] Stopping connector local-file-source (org.apache.kafka.connect.runtime.Worker:419)
[2024-02-11 22:59:16,755] INFO [local-file-source|worker] Scheduled shutdown for WorkerConnector{id=local-file-source} (org.apache.kafka.connect.runtime.WorkerConnector:267)
[2024-02-11 22:59:16,756] INFO [local-file-source|worker] Completed shutdown for WorkerConnector{id=local-file-source} (org.apache.kafka.connect.runtime.WorkerConnector:287)
[2024-02-11 22:59:16,756] INFO [local-file-sink|task-0] Stopping task local-file-sink-0 (org.apache.kafka.connect.runtime.Worker:1008)
[2024-02-11 22:59:16,756] INFO [local-file-sink|task-0] [Consumer clientId=connector-consumer-local-file-sink-0, groupId=connect-local-file-sink] Revoke previously assigned partitions connect-test-0 (org.apache.kafka.clients.consumer.internals.ConsumerCoordinator:343)
[2024-02-11 22:59:16,759] INFO [local-file-sink|task-0] [Consumer clientId=connector-consumer-local-file-sink-0, groupId=connect-local-file-sink] Resetting generation and member id due to: consumer pro-actively leaving the group (org.apache.kafka.clients.consumer.internals.ConsumerCoordinator:1025)
[2024-02-11 22:59:16,759] INFO [local-file-sink|task-0] [Consumer clientId=connector-consumer-local-file-sink-0, groupId=connect-local-file-sink] Request joining group due to: consumer pro-actively leaving the group (org.apache.kafka.clients.consumer.internals.ConsumerCoordinator:1072)
[2024-02-11 22:59:16,760] INFO [local-file-sink|task-0] [Consumer clientId=connector-consumer-local-file-sink-0, groupId=connect-local-file-sink] Node 0 disconnected. (org.apache.kafka.clients.NetworkClient:977)
[2024-02-11 22:59:16,762] WARN [local-file-sink|task-0] [Consumer clientId=connector-consumer-local-file-sink-0, groupId=connect-local-file-sink] Connection to node 0 (nicks-mbp/192.168.1.4:9092) could not be established. Broker may not be available. (org.apache.kafka.clients.NetworkClient:814)
[2024-02-11 22:59:16,762] INFO [local-file-sink|task-0] Metrics scheduler closed (org.apache.kafka.common.metrics.Metrics:693)
[2024-02-11 22:59:16,762] INFO [local-file-sink|task-0] Closing reporter org.apache.kafka.common.metrics.JmxReporter (org.apache.kafka.common.metrics.Metrics:697)
[2024-02-11 22:59:16,762] INFO [local-file-sink|task-0] Metrics reporters closed (org.apache.kafka.common.metrics.Metrics:703)
[2024-02-11 22:59:16,763] INFO [local-file-sink|task-0] App info kafka.consumer for connector-consumer-local-file-sink-0 unregistered (org.apache.kafka.common.utils.AppInfoParser:83)
[2024-02-11 22:59:16,764] INFO [local-file-sink|worker] Stopping connector local-file-sink (org.apache.kafka.connect.runtime.Worker:419)
[2024-02-11 22:59:16,764] INFO [local-file-sink|worker] Scheduled shutdown for WorkerConnector{id=local-file-sink} (org.apache.kafka.connect.runtime.WorkerConnector:267)
[2024-02-11 22:59:16,764] INFO [local-file-sink|worker] Completed shutdown for WorkerConnector{id=local-file-sink} (org.apache.kafka.connect.runtime.WorkerConnector:287)
[2024-02-11 22:59:16,764] INFO Worker stopping (org.apache.kafka.connect.runtime.Worker:247)
[2024-02-11 22:59:16,765] INFO Stopped FileOffsetBackingStore (org.apache.kafka.connect.storage.FileOffsetBackingStore:71)
[2024-02-11 22:59:16,767] INFO Metrics scheduler closed (org.apache.kafka.common.metrics.Metrics:693)
[2024-02-11 22:59:16,767] INFO Closing reporter org.apache.kafka.common.metrics.JmxReporter (org.apache.kafka.common.metrics.Metrics:697)
[2024-02-11 22:59:16,767] INFO Metrics reporters closed (org.apache.kafka.common.metrics.Metrics:703)
[2024-02-11 22:59:16,767] INFO App info kafka.connect for 192.168.1.4:8083 unregistered (org.apache.kafka.common.utils.AppInfoParser:83)
[2024-02-11 22:59:16,767] INFO Worker stopped (org.apache.kafka.connect.runtime.Worker:268)
[2024-02-11 22:59:16,767] INFO Herder stopped (org.apache.kafka.connect.runtime.standalone.StandaloneHerder:122)
[2024-02-11 22:59:16,770] INFO Kafka Connect stopped (org.apache.kafka.connect.runtime.Connect:72)
